<?xml version="1.0" encoding="UTF-8"?>
<testsuite name="ru.netolodgy.qa.service.CashbackHackServiceTest" tests="1" skipped="0" failures="0" errors="0" timestamp="2023-06-16T18:59:35" hostname="ASUS" time="0.005">
  <properties/>
  <testcase name="shouldBoundaryWhenAmountLessThousand" classname="ru.netolodgy.qa.service.CashbackHackServiceTest" time="0.005"/>
  <system-out><![CDATA[]]></system-out>
  <system-err><![CDATA[]]></system-err>
</testsuite>
